<?xml version="1.0" encoding="UTF-8"?>
<testng-results ignored="0" total="1" passed="1" failed="0" skipped="0">
  <reporter-output>
  </reporter-output>
  <suite started-at="2021-07-05T18:02:26 EDT" name="Default suite" finished-at="2021-07-05T18:02:30 EDT" duration-ms="3548">
    <groups>
    </groups>
    <test started-at="2021-07-05T18:02:26 EDT" name="Default test" finished-at="2021-07-05T18:02:30 EDT" duration-ms="3548">
      <class name="tests.TestClass2Static">
        <test-method signature="deleteRequest1()[pri:0, instance:tests.TestClass2Static@40cb8df7]" started-at="2021-07-05T18:02:26 EDT" name="deleteRequest1" finished-at="2021-07-05T18:02:30 EDT" duration-ms="3470" status="PASS">
          <reporter-output>
          </reporter-output>
        </test-method> <!-- deleteRequest1 -->
      </class> <!-- tests.TestClass2Static -->
    </test> <!-- Default test -->
  </suite> <!-- Default suite -->
</testng-results>
